<?xml version="1.0" encoding="UTF-8"?>
<testng-results ignored="0" total="1" passed="1" failed="0" skipped="0">
  <reporter-output>
  </reporter-output>
  <suite started-at="2025-12-22T09:57:19 IST" name="Default suite" finished-at="2025-12-22T09:57:22 IST" duration-ms="2951">
    <groups>
    </groups>
    <test started-at="2025-12-22T09:57:19 IST" name="Default test" finished-at="2025-12-22T09:57:22 IST" duration-ms="2951">
      <class name="TestCase.GoogleTest">
        <test-method signature="verifyGoogleLogo()[pri:0, instance:TestCase.GoogleTest@14cd1699]" started-at="2025-12-22T09:57:19 IST" name="verifyGoogleLogo" finished-at="2025-12-22T09:57:22 IST" duration-ms="2891" status="PASS">
          <reporter-output>
          </reporter-output>
        </test-method> <!-- verifyGoogleLogo -->
      </class> <!-- TestCase.GoogleTest -->
    </test> <!-- Default test -->
  </suite> <!-- Default suite -->
</testng-results>
